<?xml version="1.0" encoding="UTF-8"?>
<!-- Generated by org.testng.reporters.JUnitReportReporter -->
<testsuite skipped="0" hostname="Ron-Laptop" name="demo.settingstest.SettingsIT" tests="3" failures="0" timestamp="14 Oct 2017 05:01:22 GMT" time="149.628" errors="0">
  <testcase name="editSimNickName" time="54.880" classname="demo.settingstest.SettingsIT"/>
  <testcase name="setCallSettingsOptions" time="48.814" classname="demo.settingstest.SettingsIT"/>
  <testcase name="setCallForwardingOption" time="45.934" classname="demo.settingstest.SettingsIT"/>
</testsuite> <!-- demo.settingstest.SettingsIT -->
